{
  "RSpec": {
    "coverage": {
      "/Users/shendidy/Makers/weeks8-9/Minstagram/Minstagram/spec/controllers/home_controller_spec.rb": [
        1,
        null,
        null,
        null,
        null,
        null,
        null,
        null,
        null,
        null,
        null,
        null
      ],
      "/Users/shendidy/Makers/weeks8-9/Minstagram/Minstagram/spec/rails_helper.rb": [
        null,
        1,
        1,
        null,
        1,
        1,
        1,
        1,
        null,
        null,
        null,
        null,
        null,
        null,
        null,
        null,
        null,
        null,
        null,
        null,
        null,
        null,
        null,
        null,
        null,
        null,
        null,
        1,
        null,
        1,
        null,
        null,
        1,
        null,
        null,
        1,
        null,
        null,
        null,
        null,
        1,
        null,
        null,
        null,
        null,
        null,
        null,
        null,
        null,
        null,
        null,
        null,
        null,
        null,
        null,
        1,
        null,
        null,
        1,
        null,
        null,
        null
      ],
      "/Users/shendidy/Makers/weeks8-9/Minstagram/Minstagram/config/environment.rb": [
        null,
        1,
        null,
        null,
        1
      ],
      "/Users/shendidy/Makers/weeks8-9/Minstagram/Minstagram/config/application.rb": [
        1,
        null,
        1,
        null,
        null,
        null,
        1,
        null,
        1,
        1,
        null,
        1,
        null,
        null,
        null,
        null,
        null,
        null
      ],
      "/Users/shendidy/Makers/weeks8-9/Minstagram/Minstagram/config/boot.rb": [
        1,
        null,
        1
      ],
      "/Users/shendidy/Makers/weeks8-9/Minstagram/Minstagram/config/environments/test.rb": [
        1,
        null,
        null,
        null,
        null,
        null,
        null,
        1,
        null,
        null,
        null,
        null,
        1,
        null,
        null,
        1,
        1,
        null,
        null,
        null,
        null,
        1,
        1,
        null,
        null,
        1,
        null,
        null,
        1,
        1,
        null,
        null,
        null,
        null,
        1,
        null,
        null,
        1,
        null,
        null,
        null,
        null
      ],
      "/Users/shendidy/Makers/weeks8-9/Minstagram/Minstagram/config/initializers/application_controller_renderer.rb": [
        null,
        null,
        null,
        null,
        null,
        null,
        null,
        null
      ],
      "/Users/shendidy/Makers/weeks8-9/Minstagram/Minstagram/config/initializers/assets.rb": [
        null,
        null,
        null,
        1,
        null,
        null,
        null,
        null,
        1,
        null,
        null,
        null,
        null,
        null
      ],
      "/Users/shendidy/Makers/weeks8-9/Minstagram/Minstagram/config/initializers/backtrace_silencers.rb": [
        null,
        null,
        null,
        null,
        null,
        null,
        null
      ],
      "/Users/shendidy/Makers/weeks8-9/Minstagram/Minstagram/config/initializers/cookies_serializer.rb": [
        null,
        null,
        null,
        null,
        1
      ],
      "/Users/shendidy/Makers/weeks8-9/Minstagram/Minstagram/config/initializers/filter_parameter_logging.rb": [
        null,
        null,
        null,
        1
      ],
      "/Users/shendidy/Makers/weeks8-9/Minstagram/Minstagram/config/initializers/inflections.rb": [
        null,
        null,
        null,
        null,
        null,
        null,
        null,
        null,
        null,
        null,
        null,
        null,
        null,
        null,
        null,
        null
      ],
      "/Users/shendidy/Makers/weeks8-9/Minstagram/Minstagram/config/initializers/mime_types.rb": [
        null,
        null,
        null,
        null
      ],
      "/Users/shendidy/Makers/weeks8-9/Minstagram/Minstagram/config/initializers/wrap_parameters.rb": [
        null,
        null,
        null,
        null,
        null,
        null,
        1,
        2,
        null,
        null,
        null,
        null,
        null,
        null
      ],
      "/Users/shendidy/Makers/weeks8-9/Minstagram/Minstagram/config/routes.rb": [
        1,
        null,
        null
      ],
      "/Users/shendidy/Makers/weeks8-9/Minstagram/Minstagram/app/helpers/application_helper.rb": [
        1,
        null
      ],
      "/Users/shendidy/Makers/weeks8-9/Minstagram/Minstagram/app/helpers/posts_helper.rb": [
        1,
        null
      ],
      "/Users/shendidy/Makers/weeks8-9/Minstagram/Minstagram/spec/controllers/posts_controller_spec.rb": [
        1,
        null,
        null,
        null,
        null,
        null,
        null,
        null,
        null,
        null,
        null,
        null,
        null,
        null,
        null,
        null,
        null,
        null,
        null,
        null,
        null,
        null,
        null,
        null,
        null,
        null,
        null,
        null,
        null,
        null,
        null,
        null,
        null,
        null,
        null,
        null,
        null,
        null,
        null,
        null,
        null,
        null,
        null,
        null,
        null,
        null,
        null,
        null,
        null,
        null,
        null,
        null,
        null,
        null,
        null,
        null,
        null
      ],
      "/Users/shendidy/Makers/weeks8-9/Minstagram/Minstagram/spec/features/only_clicking_sign_up_throws_error_spec.rb": [
        1,
        null,
        null,
        null,
        null,
        null,
        null,
        null,
        null,
        null,
        null,
        null
      ],
      "/Users/shendidy/Makers/weeks8-9/Minstagram/Minstagram/spec/features/user_can_access_sign_up_page_spec.rb": [
        1,
        null,
        null,
        null,
        null,
        null,
        null,
        null,
        null,
        null,
        null,
        null,
        null,
        null,
        null,
        null,
        null,
        null
      ],
      "/Users/shendidy/Makers/weeks8-9/Minstagram/Minstagram/spec/features/user_can_submit_posts_spec.rb": [
        1,
        null,
        null,
        null,
        null,
        null,
        null,
        null,
        null,
        null,
        null,
        null,
        null,
        null,
        null,
        null,
        null
      ],
      "/Users/shendidy/Makers/weeks8-9/Minstagram/Minstagram/spec/features/user_non_signed_in_redirected_home_spec.rb": [
        1,
        null,
        null,
        null,
        null,
        null,
        null,
        null
      ],
      "/Users/shendidy/Makers/weeks8-9/Minstagram/Minstagram/spec/helpers/home_helper_spec.rb": [
        1,
        null,
        null,
        null,
        null,
        null,
        null,
        null,
        null,
        null,
        null,
        null,
        null,
        null,
        null,
        null,
        null
      ],
      "/Users/shendidy/Makers/weeks8-9/Minstagram/Minstagram/spec/models/post_spec.rb": [
        1,
        null,
        null,
        null,
        null
      ],
      "/Users/shendidy/Makers/weeks8-9/Minstagram/Minstagram/spec/models/user_spec.rb": [
        1,
        null,
        null,
        null,
        null
      ],
      "/Users/shendidy/Makers/weeks8-9/Minstagram/Minstagram/spec/views/home/index.html.erb_spec.rb": [
        1,
        null,
        null,
        null,
        null
      ]
    },
    "timestamp": 1551491629
  }
}
